# JRE version: OpenJDK Runtime Environment Temurin-17.0.5+8 (17.0.5+8) (build 17.0.5+8)
# Java VM: OpenJDK 64-Bit Server VM Temurin-17.0.5+8 (17.0.5+8, mixed mode, tiered, compressed oops, compressed class ptrs, g1 gc, windows-amd64)
GC Precious Log:
 CPUs: 8 total, 8 available
 Memory: 8074M
 Large Page Support: Disabled
 NUMA Support: Disabled
 Compressed Oops: Enabled (32-bit)
 Heap Region Size: 1M
 Heap Min Capacity: 8M
 Heap Initial Capacity: 128M
 Heap Max Capacity: 2020M
 Pre-touch: Disabled
 Parallel Workers: 8
 Concurrent Workers: 2
 Concurrent Refinement Workers: 8
 Periodic GC: Disabled
Heap:
 garbage-first heap   total 80896K, used 40968K [0x0000000081c00000, 0x0000000100000000)
  region size 1024K, 22 young (22528K), 4 survivors (4096K)
 Metaspace       used 49132K, committed 49600K, reserved 1097728K
  class space    used 6035K, committed 6272K, reserved 1048576K
GC Heap History (20 events):
Event: 2.808 GC heap before
{Heap before GC invocations=5 (full 0):
 garbage-first heap   total 30720K, used 20302K [0x0000000081c00000, 0x0000000100000000)
  region size 1024K, 13 young (13312K), 1 survivors (1024K)
 Metaspace       used 26268K, committed 26560K, reserved 1073152K
  class space    used 2950K, committed 3072K, reserved 1048576K
}
Event: 2.810 GC heap after
{Heap after GC invocations=6 (full 0):
 garbage-first heap   total 30720K, used 10005K [0x0000000081c00000, 0x0000000100000000)
  region size 1024K, 2 young (2048K), 2 survivors (2048K)
 Metaspace       used 26268K, committed 26560K, reserved 1073152K
  class space    used 2950K, committed 3072K, reserved 1048576K
}
Event: 3.211 GC heap before
{Heap before GC invocations=6 (full 0):
 garbage-first heap   total 30720K, used 21269K [0x0000000081c00000, 0x0000000100000000)
  region size 1024K, 14 young (14336K), 2 survivors (2048K)
 Metaspace       used 27846K, committed 28096K, reserved 1081344K
  class space    used 3139K, committed 3264K, reserved 1048576K
}
Event: 3.214 GC heap after
{Heap after GC invocations=7 (full 0):
 garbage-first heap   total 30720K, used 10958K [0x0000000081c00000, 0x0000000100000000)
  region size 1024K, 1 young (1024K), 1 survivors (1024K)
 Metaspace       used 27846K, committed 28096K, reserved 1081344K
  class space    used 3139K, committed 3264K, reserved 1048576K
}
Event: 3.710 GC heap before
{Heap before GC invocations=7 (full 0):
 garbage-first heap   total 30720K, used 23246K [0x0000000081c00000, 0x0000000100000000)
  region size 1024K, 13 young (13312K), 1 survivors (1024K)
 Metaspace       used 30024K, committed 30400K, reserved 1081344K
  class space    used 3454K, committed 3584K, reserved 1048576K
}
Event: 3.712 GC heap after
{Heap after GC invocations=8 (full 0):
 garbage-first heap   total 30720K, used 11870K [0x0000000081c00000, 0x0000000100000000)
  region size 1024K, 2 young (2048K), 2 survivors (2048K)
 Metaspace       used 30024K, committed 30400K, reserved 1081344K
  class space    used 3454K, committed 3584K, reserved 1048576K
}
Event: 4.162 GC heap before
{Heap before GC invocations=8 (full 0):
 garbage-first heap   total 30720K, used 23134K [0x0000000081c00000, 0x0000000100000000)
  region size 1024K, 13 young (13312K), 2 survivors (2048K)
 Metaspace       used 32284K, committed 32640K, reserved 1081344K
  class space    used 3784K, committed 3968K, reserved 1048576K
}
Event: 4.166 GC heap after
{Heap after GC invocations=9 (full 0):
 garbage-first heap   total 30720K, used 12989K [0x0000000081c00000, 0x0000000100000000)
  region size 1024K, 2 young (2048K), 2 survivors (2048K)
 Metaspace       used 32284K, committed 32640K, reserved 1081344K
  class space    used 3784K, committed 3968K, reserved 1048576K
}
Event: 4.721 GC heap before
{Heap before GC invocations=9 (full 0):
 garbage-first heap   total 30720K, used 23229K [0x0000000081c00000, 0x0000000100000000)
  region size 1024K, 12 young (12288K), 2 survivors (2048K)
 Metaspace       used 34630K, committed 35008K, reserved 1081344K
  class space    used 4054K, committed 4224K, reserved 1048576K
}
Event: 4.726 GC heap after
{Heap after GC invocations=10 (full 0):
 garbage-first heap   total 30720K, used 14028K [0x0000000081c00000, 0x0000000100000000)
  region size 1024K, 1 young (1024K), 1 survivors (1024K)
 Metaspace       used 34630K, committed 35008K, reserved 1081344K
  class space    used 4054K, committed 4224K, reserved 1048576K
}
Event: 4.924 GC heap before
{Heap before GC invocations=10 (full 0):
 garbage-first heap   total 30720K, used 18124K [0x0000000081c00000, 0x0000000100000000)
  region size 1024K, 6 young (6144K), 1 survivors (1024K)
 Metaspace       used 35732K, committed 36096K, reserved 1081344K
  class space    used 4187K, committed 4352K, reserved 1048576K
}
Event: 4.926 GC heap after
{Heap after GC invocations=11 (full 0):
 garbage-first heap   total 30720K, used 14294K [0x0000000081c00000, 0x0000000100000000)
  region size 1024K, 2 young (2048K), 2 survivors (2048K)
 Metaspace       used 35732K, committed 36096K, reserved 1081344K
  class space    used 4187K, committed 4352K, reserved 1048576K
}
Event: 5.293 GC heap before
{Heap before GC invocations=12 (full 0):
 garbage-first heap   total 30720K, used 23510K [0x0000000081c00000, 0x0000000100000000)
  region size 1024K, 11 young (11264K), 2 survivors (2048K)
 Metaspace       used 37823K, committed 38272K, reserved 1089536K
  class space    used 4485K, committed 4672K, reserved 1048576K
}
Event: 5.298 GC heap after
{Heap after GC invocations=13 (full 0):
 garbage-first heap   total 80896K, used 14988K [0x0000000081c00000, 0x0000000100000000)
  region size 1024K, 2 young (2048K), 2 survivors (2048K)
 Metaspace       used 37823K, committed 38272K, reserved 1089536K
  class space    used 4485K, committed 4672K, reserved 1048576K
}
Event: 5.319 GC heap before
{Heap before GC invocations=13 (full 0):
 garbage-first heap   total 80896K, used 16012K [0x0000000081c00000, 0x0000000100000000)
  region size 1024K, 3 young (3072K), 2 survivors (2048K)
 Metaspace       used 38121K, committed 38528K, reserved 1089536K
  class space    used 4522K, committed 4736K, reserved 1048576K
}
Event: 5.322 GC heap after
{Heap after GC invocations=14 (full 0):
 garbage-first heap   total 80896K, used 14526K [0x0000000081c00000, 0x0000000100000000)
  region size 1024K, 1 young (1024K), 1 survivors (1024K)
 Metaspace       used 38121K, committed 38528K, reserved 1089536K
  class space    used 4522K, committed 4736K, reserved 1048576K
}
Event: 14.842 GC heap before
{Heap before GC invocations=14 (full 0):
 garbage-first heap   total 80896K, used 61630K [0x0000000081c00000, 0x0000000100000000)
  region size 1024K, 47 young (48128K), 1 survivors (1024K)
 Metaspace       used 46053K, committed 46464K, reserved 1097728K
  class space    used 5684K, committed 5888K, reserved 1048576K
}
Event: 14.851 GC heap after
{Heap after GC invocations=15 (full 0):
 garbage-first heap   total 80896K, used 18516K [0x0000000081c00000, 0x0000000100000000)
  region size 1024K, 5 young (5120K), 5 survivors (5120K)
 Metaspace       used 46053K, committed 46464K, reserved 1097728K
  class space    used 5684K, committed 5888K, reserved 1048576K
}
Event: 29.949 GC heap before
{Heap before GC invocations=15 (full 0):
 garbage-first heap   total 80896K, used 59476K [0x0000000081c00000, 0x0000000100000000)
  region size 1024K, 45 young (46080K), 5 survivors (5120K)
 Metaspace       used 49099K, committed 49600K, reserved 1097728K
  class space    used 6035K, committed 6272K, reserved 1048576K
}
Event: 29.960 GC heap after
{Heap after GC invocations=16 (full 0):
 garbage-first heap   total 80896K, used 23560K [0x0000000081c00000, 0x0000000100000000)
  region size 1024K, 4 young (4096K), 4 survivors (4096K)
 Metaspace       used 49099K, committed 49600K, reserved 1097728K
  class space    used 6035K, committed 6272K, reserved 1048576K
}

