# JRE version: OpenJDK Runtime Environment Temurin-17.0.5+8 (17.0.5+8) (build 17.0.5+8)
# Java VM: OpenJDK 64-Bit Server VM Temurin-17.0.5+8 (17.0.5+8, mixed mode, tiered, compressed oops, compressed class ptrs, g1 gc, windows-amd64)
GC Precious Log:
 CPUs: 8 total, 8 available
 Memory: 8074M
 Large Page Support: Disabled
 NUMA Support: Disabled
 Compressed Oops: Enabled (32-bit)
 Heap Region Size: 1M
 Heap Min Capacity: 8M
 Heap Initial Capacity: 128M
 Heap Max Capacity: 2020M
 Pre-touch: Disabled
 Parallel Workers: 8
 Concurrent Workers: 2
 Concurrent Refinement Workers: 8
 Periodic GC: Disabled
Heap:
 garbage-first heap   total 55296K, used 31468K [0x0000000081c00000, 0x0000000100000000)
  region size 1024K, 10 young (10240K), 1 survivors (1024K)
 Metaspace       used 50458K, committed 50944K, reserved 1097728K
  class space    used 6180K, committed 6400K, reserved 1048576K
GC Heap History (20 events):
Event: 3.548 GC heap before
{Heap before GC invocations=7 (full 0):
 garbage-first heap   total 30720K, used 23340K [0x0000000081c00000, 0x0000000100000000)
  region size 1024K, 13 young (13312K), 2 survivors (2048K)
 Metaspace       used 32428K, committed 32832K, reserved 1081344K
  class space    used 3812K, committed 4032K, reserved 1048576K
}
Event: 3.551 GC heap after
{Heap after GC invocations=8 (full 0):
 garbage-first heap   total 30720K, used 13175K [0x0000000081c00000, 0x0000000100000000)
  region size 1024K, 2 young (2048K), 2 survivors (2048K)
 Metaspace       used 32428K, committed 32832K, reserved 1081344K
  class space    used 3812K, committed 4032K, reserved 1048576K
}
Event: 3.862 GC heap before
{Heap before GC invocations=8 (full 0):
 garbage-first heap   total 30720K, used 22391K [0x0000000081c00000, 0x0000000100000000)
  region size 1024K, 12 young (12288K), 2 survivors (2048K)
 Metaspace       used 35030K, committed 35456K, reserved 1081344K
  class space    used 4090K, committed 4288K, reserved 1048576K
}
Event: 3.866 GC heap after
{Heap after GC invocations=9 (full 0):
 garbage-first heap   total 30720K, used 14200K [0x0000000081c00000, 0x0000000100000000)
  region size 1024K, 1 young (1024K), 1 survivors (1024K)
 Metaspace       used 35030K, committed 35456K, reserved 1081344K
  class space    used 4090K, committed 4288K, reserved 1048576K
}
Event: 3.991 GC heap before
{Heap before GC invocations=9 (full 0):
 garbage-first heap   total 30720K, used 18296K [0x0000000081c00000, 0x0000000100000000)
  region size 1024K, 6 young (6144K), 1 survivors (1024K)
 Metaspace       used 35818K, committed 36160K, reserved 1081344K
  class space    used 4195K, committed 4352K, reserved 1048576K
}
Event: 3.994 GC heap after
{Heap after GC invocations=10 (full 0):
 garbage-first heap   total 80896K, used 14387K [0x0000000081c00000, 0x0000000100000000)
  region size 1024K, 2 young (2048K), 2 survivors (2048K)
 Metaspace       used 35818K, committed 36160K, reserved 1081344K
  class space    used 4195K, committed 4352K, reserved 1048576K
}
Event: 4.578 GC heap before
{Heap before GC invocations=11 (full 0):
 garbage-first heap   total 55296K, used 45107K [0x0000000081c00000, 0x0000000100000000)
  region size 1024K, 32 young (32768K), 2 survivors (2048K)
 Metaspace       used 41960K, committed 42432K, reserved 1089536K
  class space    used 5123K, committed 5312K, reserved 1048576K
}
Event: 4.591 GC heap after
{Heap after GC invocations=12 (full 0):
 garbage-first heap   total 55296K, used 16865K [0x0000000081c00000, 0x0000000100000000)
  region size 1024K, 4 young (4096K), 4 survivors (4096K)
 Metaspace       used 41960K, committed 42432K, reserved 1089536K
  class space    used 5123K, committed 5312K, reserved 1048576K
}
Event: 17.226 GC heap before
{Heap before GC invocations=12 (full 0):
 garbage-first heap   total 55296K, used 41441K [0x0000000081c00000, 0x0000000100000000)
  region size 1024K, 28 young (28672K), 4 survivors (4096K)
 Metaspace       used 45654K, committed 46144K, reserved 1089536K
  class space    used 5626K, committed 5824K, reserved 1048576K
}
Event: 17.234 GC heap after
{Heap after GC invocations=13 (full 0):
 garbage-first heap   total 55296K, used 19093K [0x0000000081c00000, 0x0000000100000000)
  region size 1024K, 3 young (3072K), 3 survivors (3072K)
 Metaspace       used 45654K, committed 46144K, reserved 1089536K
  class space    used 5626K, committed 5824K, reserved 1048576K
}
Event: 18.174 GC heap before
{Heap before GC invocations=13 (full 0):
 garbage-first heap   total 55296K, used 41621K [0x0000000081c00000, 0x0000000100000000)
  region size 1024K, 25 young (25600K), 3 survivors (3072K)
 Metaspace       used 48351K, committed 48832K, reserved 1097728K
  class space    used 5947K, committed 6144K, reserved 1048576K
}
Event: 18.178 GC heap after
{Heap after GC invocations=14 (full 0):
 garbage-first heap   total 55296K, used 21788K [0x0000000081c00000, 0x0000000100000000)
  region size 1024K, 2 young (2048K), 2 survivors (2048K)
 Metaspace       used 48351K, committed 48832K, reserved 1097728K
  class space    used 5947K, committed 6144K, reserved 1048576K
}
Event: 62.579 GC heap before
{Heap before GC invocations=14 (full 0):
 garbage-first heap   total 55296K, used 42268K [0x0000000081c00000, 0x0000000100000000)
  region size 1024K, 22 young (22528K), 2 survivors (2048K)
 Metaspace       used 50165K, committed 50688K, reserved 1097728K
  class space    used 6178K, committed 6400K, reserved 1048576K
}
Event: 62.583 GC heap after
{Heap after GC invocations=15 (full 0):
 garbage-first heap   total 55296K, used 21514K [0x0000000081c00000, 0x0000000100000000)
  region size 1024K, 2 young (2048K), 2 survivors (2048K)
 Metaspace       used 50165K, committed 50688K, reserved 1097728K
  class space    used 6178K, committed 6400K, reserved 1048576K
}
Event: 323.840 GC heap before
{Heap before GC invocations=15 (full 0):
 garbage-first heap   total 55296K, used 44042K [0x0000000081c00000, 0x0000000100000000)
  region size 1024K, 23 young (23552K), 2 survivors (2048K)
 Metaspace       used 50310K, committed 50816K, reserved 1097728K
  class space    used 6180K, committed 6400K, reserved 1048576K
}
Event: 323.843 GC heap after
{Heap after GC invocations=16 (full 0):
 garbage-first heap   total 55296K, used 24044K [0x0000000081c00000, 0x0000000100000000)
  region size 1024K, 3 young (3072K), 3 survivors (3072K)
 Metaspace       used 50310K, committed 50816K, reserved 1097728K
  class space    used 6180K, committed 6400K, reserved 1048576K
}
Event: 328.612 GC heap before
{Heap before GC invocations=16 (full 0):
 garbage-first heap   total 55296K, used 42476K [0x0000000081c00000, 0x0000000100000000)
  region size 1024K, 21 young (21504K), 3 survivors (3072K)
 Metaspace       used 50320K, committed 50816K, reserved 1097728K
  class space    used 6180K, committed 6400K, reserved 1048576K
}
Event: 328.618 GC heap after
{Heap after GC invocations=17 (full 0):
 garbage-first heap   total 55296K, used 25542K [0x0000000081c00000, 0x0000000100000000)
  region size 1024K, 3 young (3072K), 3 survivors (3072K)
 Metaspace       used 50320K, committed 50816K, reserved 1097728K
  class space    used 6180K, committed 6400K, reserved 1048576K
}
Event: 454.351 GC heap before
{Heap before GC invocations=17 (full 0):
 garbage-first heap   total 55296K, used 39878K [0x0000000081c00000, 0x0000000100000000)
  region size 1024K, 17 young (17408K), 3 survivors (3072K)
 Metaspace       used 50404K, committed 50880K, reserved 1097728K
  class space    used 6180K, committed 6400K, reserved 1048576K
}
Event: 454.352 GC heap after
{Heap after GC invocations=18 (full 0):
 garbage-first heap   total 55296K, used 23276K [0x0000000081c00000, 0x0000000100000000)
  region size 1024K, 1 young (1024K), 1 survivors (1024K)
 Metaspace       used 50404K, committed 50880K, reserved 1097728K
  class space    used 6180K, committed 6400K, reserved 1048576K
}

