# JRE version: OpenJDK Runtime Environment Temurin-17.0.5+8 (17.0.5+8) (build 17.0.5+8)
# Java VM: OpenJDK 64-Bit Server VM Temurin-17.0.5+8 (17.0.5+8, mixed mode, tiered, compressed oops, compressed class ptrs, g1 gc, windows-amd64)
GC Precious Log:
 CPUs: 8 total, 8 available
 Memory: 8074M
 Large Page Support: Disabled
 NUMA Support: Disabled
 Compressed Oops: Enabled (32-bit)
 Heap Region Size: 1M
 Heap Min Capacity: 8M
 Heap Initial Capacity: 128M
 Heap Max Capacity: 2020M
 Pre-touch: Disabled
 Parallel Workers: 8
 Concurrent Workers: 2
 Concurrent Refinement Workers: 8
 Periodic GC: Disabled
Heap:
 garbage-first heap   total 55296K, used 26006K [0x0000000081c00000, 0x0000000100000000)
  region size 1024K, 10 young (10240K), 0 survivors (0K)
 Metaspace       used 48702K, committed 49344K, reserved 1097728K
  class space    used 5754K, committed 6080K, reserved 1048576K
GC Heap History (20 events):
Event: 313.897 GC heap before
{Heap before GC invocations=20 (full 4):
 garbage-first heap   total 55296K, used 38133K [0x0000000081c00000, 0x0000000100000000)
  region size 1024K, 23 young (23552K), 3 survivors (3072K)
 Metaspace       used 47589K, committed 48192K, reserved 1097728K
  class space    used 5688K, committed 5952K, reserved 1048576K
}
Event: 313.928 GC heap after
{Heap after GC invocations=21 (full 5):
 garbage-first heap   total 55296K, used 16386K [0x0000000081c00000, 0x0000000100000000)
  region size 1024K, 0 young (0K), 0 survivors (0K)
 Metaspace       used 47586K, committed 48192K, reserved 1097728K
  class space    used 5687K, committed 5952K, reserved 1048576K
}
Event: 314.206 GC heap before
{Heap before GC invocations=21 (full 5):
 garbage-first heap   total 55296K, used 39938K [0x0000000081c00000, 0x0000000100000000)
  region size 1024K, 23 young (23552K), 0 survivors (0K)
 Metaspace       used 47726K, committed 48256K, reserved 1097728K
  class space    used 5698K, committed 5952K, reserved 1048576K
}
Event: 314.208 GC heap after
{Heap after GC invocations=22 (full 5):
 garbage-first heap   total 55296K, used 18715K [0x0000000081c00000, 0x0000000100000000)
  region size 1024K, 3 young (3072K), 3 survivors (3072K)
 Metaspace       used 47726K, committed 48256K, reserved 1097728K
  class space    used 5698K, committed 5952K, reserved 1048576K
}
Event: 337.305 GC heap before
{Heap before GC invocations=22 (full 5):
 garbage-first heap   total 55296K, used 38171K [0x0000000081c00000, 0x0000000100000000)
  region size 1024K, 23 young (23552K), 3 survivors (3072K)
 Metaspace       used 47866K, committed 48512K, reserved 1097728K
  class space    used 5704K, committed 6016K, reserved 1048576K
}
Event: 337.340 GC heap after
{Heap after GC invocations=23 (full 6):
 garbage-first heap   total 55296K, used 16497K [0x0000000081c00000, 0x0000000100000000)
  region size 1024K, 0 young (0K), 0 survivors (0K)
 Metaspace       used 47864K, committed 48512K, reserved 1097728K
  class space    used 5704K, committed 6016K, reserved 1048576K
}
Event: 337.876 GC heap before
{Heap before GC invocations=23 (full 6):
 garbage-first heap   total 55296K, used 40049K [0x0000000081c00000, 0x0000000100000000)
  region size 1024K, 24 young (24576K), 0 survivors (0K)
 Metaspace       used 47969K, committed 48640K, reserved 1097728K
  class space    used 5712K, committed 6016K, reserved 1048576K
}
Event: 337.879 GC heap after
{Heap after GC invocations=24 (full 6):
 garbage-first heap   total 55296K, used 18812K [0x0000000081c00000, 0x0000000100000000)
  region size 1024K, 3 young (3072K), 3 survivors (3072K)
 Metaspace       used 47969K, committed 48640K, reserved 1097728K
  class space    used 5712K, committed 6016K, reserved 1048576K
}
Event: 537.920 GC heap before
{Heap before GC invocations=24 (full 6):
 garbage-first heap   total 55296K, used 41340K [0x0000000081c00000, 0x0000000100000000)
  region size 1024K, 25 young (25600K), 3 survivors (3072K)
 Metaspace       used 48163K, committed 48768K, reserved 1097728K
  class space    used 5717K, committed 6016K, reserved 1048576K
}
Event: 537.922 GC heap after
{Heap after GC invocations=25 (full 6):
 garbage-first heap   total 55296K, used 19387K [0x0000000081c00000, 0x0000000100000000)
  region size 1024K, 2 young (2048K), 2 survivors (2048K)
 Metaspace       used 48163K, committed 48768K, reserved 1097728K
  class space    used 5717K, committed 6016K, reserved 1048576K
}
Event: 745.833 GC heap before
{Heap before GC invocations=25 (full 6):
 garbage-first heap   total 55296K, used 25531K [0x0000000081c00000, 0x0000000100000000)
  region size 1024K, 9 young (9216K), 2 survivors (2048K)
 Metaspace       used 48186K, committed 48832K, reserved 1097728K
  class space    used 5718K, committed 6016K, reserved 1048576K
}
Event: 745.869 GC heap after
{Heap after GC invocations=26 (full 7):
 garbage-first heap   total 55296K, used 16593K [0x0000000081c00000, 0x0000000100000000)
  region size 1024K, 0 young (0K), 0 survivors (0K)
 Metaspace       used 48183K, committed 48832K, reserved 1097728K
  class space    used 5717K, committed 6016K, reserved 1048576K
}
Event: 746.380 GC heap before
{Heap before GC invocations=26 (full 7):
 garbage-first heap   total 55296K, used 40145K [0x0000000081c00000, 0x0000000100000000)
  region size 1024K, 24 young (24576K), 0 survivors (0K)
 Metaspace       used 48331K, committed 48960K, reserved 1097728K
  class space    used 5729K, committed 6016K, reserved 1048576K
}
Event: 746.385 GC heap after
{Heap after GC invocations=27 (full 7):
 garbage-first heap   total 55296K, used 18963K [0x0000000081c00000, 0x0000000100000000)
  region size 1024K, 3 young (3072K), 3 survivors (3072K)
 Metaspace       used 48331K, committed 48960K, reserved 1097728K
  class space    used 5729K, committed 6016K, reserved 1048576K
}
Event: 961.410 GC heap before
{Heap before GC invocations=27 (full 7):
 garbage-first heap   total 55296K, used 40467K [0x0000000081c00000, 0x0000000100000000)
  region size 1024K, 25 young (25600K), 3 survivors (3072K)
 Metaspace       used 48500K, committed 49152K, reserved 1097728K
  class space    used 5741K, committed 6080K, reserved 1048576K
}
Event: 961.468 GC heap after
{Heap after GC invocations=28 (full 8):
 garbage-first heap   total 55296K, used 16706K [0x0000000081c00000, 0x0000000100000000)
  region size 1024K, 0 young (0K), 0 survivors (0K)
 Metaspace       used 48498K, committed 49152K, reserved 1097728K
  class space    used 5740K, committed 6080K, reserved 1048576K
}
Event: 961.818 GC heap before
{Heap before GC invocations=28 (full 8):
 garbage-first heap   total 55296K, used 40258K [0x0000000081c00000, 0x0000000100000000)
  region size 1024K, 24 young (24576K), 0 survivors (0K)
 Metaspace       used 48586K, committed 49280K, reserved 1097728K
  class space    used 5746K, committed 6080K, reserved 1048576K
}
Event: 961.820 GC heap after
{Heap after GC invocations=29 (full 8):
 garbage-first heap   total 55296K, used 19003K [0x0000000081c00000, 0x0000000100000000)
  region size 1024K, 3 young (3072K), 3 survivors (3072K)
 Metaspace       used 48586K, committed 49280K, reserved 1097728K
  class space    used 5746K, committed 6080K, reserved 1048576K
}
Event: 1026.176 GC heap before
{Heap before GC invocations=29 (full 8):
 garbage-first heap   total 55296K, used 37435K [0x0000000081c00000, 0x0000000100000000)
  region size 1024K, 22 young (22528K), 3 survivors (3072K)
 Metaspace       used 48680K, committed 49344K, reserved 1097728K
  class space    used 5753K, committed 6080K, reserved 1048576K
}
Event: 1026.224 GC heap after
{Heap after GC invocations=30 (full 9):
 garbage-first heap   total 55296K, used 16790K [0x0000000081c00000, 0x0000000100000000)
  region size 1024K, 0 young (0K), 0 survivors (0K)
 Metaspace       used 48678K, committed 49344K, reserved 1097728K
  class space    used 5753K, committed 6080K, reserved 1048576K
}

