# JRE version: OpenJDK Runtime Environment Temurin-17.0.5+8 (17.0.5+8) (build 17.0.5+8)
# Java VM: OpenJDK 64-Bit Server VM Temurin-17.0.5+8 (17.0.5+8, mixed mode, tiered, compressed oops, compressed class ptrs, g1 gc, windows-amd64)
GC Precious Log:
 CPUs: 8 total, 8 available
 Memory: 8074M
 Large Page Support: Disabled
 NUMA Support: Disabled
 Compressed Oops: Enabled (32-bit)
 Heap Region Size: 1M
 Heap Min Capacity: 8M
 Heap Initial Capacity: 128M
 Heap Max Capacity: 2020M
 Pre-touch: Disabled
 Parallel Workers: 8
 Concurrent Workers: 2
 Concurrent Refinement Workers: 8
 Periodic GC: Disabled
Heap:
 garbage-first heap   total 55296K, used 33709K [0x0000000081c00000, 0x0000000100000000)
  region size 1024K, 13 young (13312K), 1 survivors (1024K)
 Metaspace       used 49333K, committed 49792K, reserved 1097728K
  class space    used 6037K, committed 6272K, reserved 1048576K
GC Heap History (20 events):
Event: 8.765 GC heap before
{Heap before GC invocations=6 (full 0):
 garbage-first heap   total 30720K, used 21167K [0x0000000081c00000, 0x0000000100000000)
  region size 1024K, 14 young (14336K), 2 survivors (2048K)
 Metaspace       used 27888K, committed 28160K, reserved 1081344K
  class space    used 3138K, committed 3264K, reserved 1048576K
}
Event: 8.767 GC heap after
{Heap after GC invocations=7 (full 0):
 garbage-first heap   total 30720K, used 10811K [0x0000000081c00000, 0x0000000100000000)
  region size 1024K, 1 young (1024K), 1 survivors (1024K)
 Metaspace       used 27888K, committed 28160K, reserved 1081344K
  class space    used 3138K, committed 3264K, reserved 1048576K
}
Event: 9.147 GC heap before
{Heap before GC invocations=7 (full 0):
 garbage-first heap   total 30720K, used 22075K [0x0000000081c00000, 0x0000000100000000)
  region size 1024K, 13 young (13312K), 1 survivors (1024K)
 Metaspace       used 30029K, committed 30336K, reserved 1081344K
  class space    used 3444K, committed 3584K, reserved 1048576K
}
Event: 9.149 GC heap after
{Heap after GC invocations=8 (full 0):
 garbage-first heap   total 30720K, used 11724K [0x0000000081c00000, 0x0000000100000000)
  region size 1024K, 2 young (2048K), 2 survivors (2048K)
 Metaspace       used 30029K, committed 30336K, reserved 1081344K
  class space    used 3444K, committed 3584K, reserved 1048576K
}
Event: 9.482 GC heap before
{Heap before GC invocations=8 (full 0):
 garbage-first heap   total 30720K, used 22988K [0x0000000081c00000, 0x0000000100000000)
  region size 1024K, 13 young (13312K), 2 survivors (2048K)
 Metaspace       used 32295K, committed 32704K, reserved 1081344K
  class space    used 3781K, committed 3968K, reserved 1048576K
}
Event: 9.485 GC heap after
{Heap after GC invocations=9 (full 0):
 garbage-first heap   total 30720K, used 12845K [0x0000000081c00000, 0x0000000100000000)
  region size 1024K, 2 young (2048K), 2 survivors (2048K)
 Metaspace       used 32295K, committed 32704K, reserved 1081344K
  class space    used 3781K, committed 3968K, reserved 1048576K
}
Event: 10.099 GC heap before
{Heap before GC invocations=9 (full 0):
 garbage-first heap   total 30720K, used 23085K [0x0000000081c00000, 0x0000000100000000)
  region size 1024K, 12 young (12288K), 2 survivors (2048K)
 Metaspace       used 34647K, committed 35008K, reserved 1081344K
  class space    used 4052K, committed 4224K, reserved 1048576K
}
Event: 10.103 GC heap after
{Heap after GC invocations=10 (full 0):
 garbage-first heap   total 80896K, used 13898K [0x0000000081c00000, 0x0000000100000000)
  region size 1024K, 1 young (1024K), 1 survivors (1024K)
 Metaspace       used 34647K, committed 35008K, reserved 1081344K
  class space    used 4052K, committed 4224K, reserved 1048576K
}
Event: 10.272 GC heap before
{Heap before GC invocations=10 (full 0):
 garbage-first heap   total 80896K, used 19018K [0x0000000081c00000, 0x0000000100000000)
  region size 1024K, 7 young (7168K), 1 survivors (1024K)
 Metaspace       used 35803K, committed 36160K, reserved 1081344K
  class space    used 4196K, committed 4352K, reserved 1048576K
}
Event: 10.274 GC heap after
{Heap after GC invocations=11 (full 0):
 garbage-first heap   total 80896K, used 14211K [0x0000000081c00000, 0x0000000100000000)
  region size 1024K, 2 young (2048K), 2 survivors (2048K)
 Metaspace       used 35803K, committed 36160K, reserved 1081344K
  class space    used 4196K, committed 4352K, reserved 1048576K
}
Event: 11.133 GC heap before
{Heap before GC invocations=12 (full 0):
 garbage-first heap   total 55296K, used 43907K [0x0000000081c00000, 0x0000000100000000)
  region size 1024K, 32 young (32768K), 2 survivors (2048K)
 Metaspace       used 41950K, committed 42432K, reserved 1089536K
  class space    used 5123K, committed 5312K, reserved 1048576K
}
Event: 11.137 GC heap after
{Heap after GC invocations=13 (full 0):
 garbage-first heap   total 55296K, used 16626K [0x0000000081c00000, 0x0000000100000000)
  region size 1024K, 4 young (4096K), 4 survivors (4096K)
 Metaspace       used 41950K, committed 42432K, reserved 1089536K
  class space    used 5123K, committed 5312K, reserved 1048576K
}
Event: 65.214 GC heap before
{Heap before GC invocations=13 (full 0):
 garbage-first heap   total 55296K, used 41202K [0x0000000081c00000, 0x0000000100000000)
  region size 1024K, 28 young (28672K), 4 survivors (4096K)
 Metaspace       used 45405K, committed 45888K, reserved 1089536K
  class space    used 5599K, committed 5824K, reserved 1048576K
}
Event: 65.225 GC heap after
{Heap after GC invocations=14 (full 0):
 garbage-first heap   total 55296K, used 18844K [0x0000000081c00000, 0x0000000100000000)
  region size 1024K, 3 young (3072K), 3 survivors (3072K)
 Metaspace       used 45405K, committed 45888K, reserved 1089536K
  class space    used 5599K, committed 5824K, reserved 1048576K
}
Event: 103.462 GC heap before
{Heap before GC invocations=14 (full 0):
 garbage-first heap   total 55296K, used 41372K [0x0000000081c00000, 0x0000000100000000)
  region size 1024K, 25 young (25600K), 3 survivors (3072K)
 Metaspace       used 48355K, committed 48768K, reserved 1097728K
  class space    used 5946K, committed 6144K, reserved 1048576K
}
Event: 103.472 GC heap after
{Heap after GC invocations=15 (full 0):
 garbage-first heap   total 55296K, used 23951K [0x0000000081c00000, 0x0000000100000000)
  region size 1024K, 4 young (4096K), 4 survivors (4096K)
 Metaspace       used 48355K, committed 48768K, reserved 1097728K
  class space    used 5946K, committed 6144K, reserved 1048576K
}
Event: 132.936 GC heap before
{Heap before GC invocations=15 (full 0):
 garbage-first heap   total 55296K, used 40335K [0x0000000081c00000, 0x0000000100000000)
  region size 1024K, 21 young (21504K), 4 survivors (4096K)
 Metaspace       used 49155K, committed 49664K, reserved 1097728K
  class space    used 6033K, committed 6272K, reserved 1048576K
}
Event: 132.941 GC heap after
{Heap after GC invocations=16 (full 0):
 garbage-first heap   total 55296K, used 22110K [0x0000000081c00000, 0x0000000100000000)
  region size 1024K, 2 young (2048K), 2 survivors (2048K)
 Metaspace       used 49155K, committed 49664K, reserved 1097728K
  class space    used 6033K, committed 6272K, reserved 1048576K
}
Event: 494.455 GC heap before
{Heap before GC invocations=16 (full 0):
 garbage-first heap   total 55296K, used 40542K [0x0000000081c00000, 0x0000000100000000)
  region size 1024K, 20 young (20480K), 2 survivors (2048K)
 Metaspace       used 49304K, committed 49792K, reserved 1097728K
  class space    used 6033K, committed 6272K, reserved 1048576K
}
Event: 494.457 GC heap after
{Heap after GC invocations=17 (full 0):
 garbage-first heap   total 55296K, used 21421K [0x0000000081c00000, 0x0000000100000000)
  region size 1024K, 1 young (1024K), 1 survivors (1024K)
 Metaspace       used 49304K, committed 49792K, reserved 1097728K
  class space    used 6033K, committed 6272K, reserved 1048576K
}

