# JRE version: OpenJDK Runtime Environment Temurin-17.0.5+8 (17.0.5+8) (build 17.0.5+8)
# Java VM: OpenJDK 64-Bit Server VM Temurin-17.0.5+8 (17.0.5+8, mixed mode, tiered, compressed oops, compressed class ptrs, g1 gc, windows-amd64)
GC Precious Log:
 CPUs: 8 total, 8 available
 Memory: 8074M
 Large Page Support: Disabled
 NUMA Support: Disabled
 Compressed Oops: Enabled (32-bit)
 Heap Region Size: 1M
 Heap Min Capacity: 8M
 Heap Initial Capacity: 128M
 Heap Max Capacity: 2020M
 Pre-touch: Disabled
 Parallel Workers: 8
 Concurrent Workers: 2
 Concurrent Refinement Workers: 8
 Periodic GC: Disabled
Heap:
 garbage-first heap   total 58368K, used 20952K [0x0000000081c00000, 0x0000000100000000)
  region size 1024K, 3 young (3072K), 1 survivors (1024K)
 Metaspace       used 49361K, committed 49856K, reserved 1097728K
  class space    used 6035K, committed 6272K, reserved 1048576K
GC Heap History (20 events):
Event: 14.427 GC heap before
{Heap before GC invocations=9 (full 0):
 garbage-first heap   total 30720K, used 23168K [0x0000000081c00000, 0x0000000100000000)
  region size 1024K, 12 young (12288K), 2 survivors (2048K)
 Metaspace       used 34598K, committed 35008K, reserved 1081344K
  class space    used 4045K, committed 4224K, reserved 1048576K
}
Event: 14.431 GC heap after
{Heap after GC invocations=10 (full 0):
 garbage-first heap   total 30720K, used 14030K [0x0000000081c00000, 0x0000000100000000)
  region size 1024K, 2 young (2048K), 2 survivors (2048K)
 Metaspace       used 34598K, committed 35008K, reserved 1081344K
  class space    used 4045K, committed 4224K, reserved 1048576K
}
Event: 14.643 GC heap before
{Heap before GC invocations=10 (full 0):
 garbage-first heap   total 30720K, used 19150K [0x0000000081c00000, 0x0000000100000000)
  region size 1024K, 8 young (8192K), 2 survivors (2048K)
 Metaspace       used 35545K, committed 35968K, reserved 1081344K
  class space    used 4153K, committed 4352K, reserved 1048576K
}
Event: 14.646 GC heap after
{Heap after GC invocations=11 (full 0):
 garbage-first heap   total 30720K, used 14281K [0x0000000081c00000, 0x0000000100000000)
  region size 1024K, 2 young (2048K), 2 survivors (2048K)
 Metaspace       used 35545K, committed 35968K, reserved 1081344K
  class space    used 4153K, committed 4352K, reserved 1048576K
}
Event: 15.069 GC heap before
{Heap before GC invocations=12 (full 0):
 garbage-first heap   total 30720K, used 23497K [0x0000000081c00000, 0x0000000100000000)
  region size 1024K, 11 young (11264K), 2 survivors (2048K)
 Metaspace       used 37557K, committed 38080K, reserved 1089536K
  class space    used 4438K, committed 4672K, reserved 1048576K
}
Event: 15.084 GC heap after
{Heap after GC invocations=13 (full 0):
 garbage-first heap   total 30720K, used 15057K [0x0000000081c00000, 0x0000000100000000)
  region size 1024K, 2 young (2048K), 2 survivors (2048K)
 Metaspace       used 37557K, committed 38080K, reserved 1089536K
  class space    used 4438K, committed 4672K, reserved 1048576K
}
Event: 15.192 GC heap before
{Heap before GC invocations=13 (full 0):
 garbage-first heap   total 30720K, used 16081K [0x0000000081c00000, 0x0000000100000000)
  region size 1024K, 3 young (3072K), 2 survivors (2048K)
 Metaspace       used 37871K, committed 38336K, reserved 1089536K
  class space    used 4478K, committed 4672K, reserved 1048576K
}
Event: 15.195 GC heap after
{Heap after GC invocations=14 (full 0):
 garbage-first heap   total 30720K, used 14601K [0x0000000081c00000, 0x0000000100000000)
  region size 1024K, 1 young (1024K), 1 survivors (1024K)
 Metaspace       used 37871K, committed 38336K, reserved 1089536K
  class space    used 4478K, committed 4672K, reserved 1048576K
}
Event: 15.600 GC heap before
{Heap before GC invocations=14 (full 0):
 garbage-first heap   total 30720K, used 22793K [0x0000000081c00000, 0x0000000100000000)
  region size 1024K, 9 young (9216K), 1 survivors (1024K)
 Metaspace       used 40126K, committed 40640K, reserved 1089536K
  class space    used 4824K, committed 5056K, reserved 1048576K
}
Event: 15.603 GC heap after
{Heap after GC invocations=15 (full 0):
 garbage-first heap   total 80896K, used 15262K [0x0000000081c00000, 0x0000000100000000)
  region size 1024K, 1 young (1024K), 1 survivors (1024K)
 Metaspace       used 40126K, committed 40640K, reserved 1089536K
  class space    used 4824K, committed 5056K, reserved 1048576K
}
Event: 17.057 GC heap before
{Heap before GC invocations=16 (full 0):
 garbage-first heap   total 58368K, used 49054K [0x0000000081c00000, 0x0000000100000000)
  region size 1024K, 34 young (34816K), 1 survivors (1024K)
 Metaspace       used 45074K, committed 45568K, reserved 1089536K
  class space    used 5554K, committed 5760K, reserved 1048576K
}
Event: 17.066 GC heap after
{Heap after GC invocations=17 (full 0):
 garbage-first heap   total 58368K, used 18292K [0x0000000081c00000, 0x0000000100000000)
  region size 1024K, 4 young (4096K), 4 survivors (4096K)
 Metaspace       used 45074K, committed 45568K, reserved 1089536K
  class space    used 5554K, committed 5760K, reserved 1048576K
}
Event: 22.694 GC heap before
{Heap before GC invocations=17 (full 0):
 garbage-first heap   total 58368K, used 19316K [0x0000000081c00000, 0x0000000100000000)
  region size 1024K, 5 young (5120K), 4 survivors (4096K)
 Metaspace       used 45416K, committed 45888K, reserved 1089536K
  class space    used 5599K, committed 5824K, reserved 1048576K
}
Event: 22.706 GC heap after
{Heap after GC invocations=18 (full 0):
 garbage-first heap   total 58368K, used 18752K [0x0000000081c00000, 0x0000000100000000)
  region size 1024K, 1 young (1024K), 1 survivors (1024K)
 Metaspace       used 45416K, committed 45888K, reserved 1089536K
  class space    used 5599K, committed 5824K, reserved 1048576K
}
Event: 62.493 GC heap before
{Heap before GC invocations=18 (full 0):
 garbage-first heap   total 58368K, used 43328K [0x0000000081c00000, 0x0000000100000000)
  region size 1024K, 25 young (25600K), 1 survivors (1024K)
 Metaspace       used 48517K, committed 49024K, reserved 1097728K
  class space    used 5966K, committed 6208K, reserved 1048576K
}
Event: 62.498 GC heap after
{Heap after GC invocations=19 (full 0):
 garbage-first heap   total 58368K, used 20960K [0x0000000081c00000, 0x0000000100000000)
  region size 1024K, 2 young (2048K), 2 survivors (2048K)
 Metaspace       used 48517K, committed 49024K, reserved 1097728K
  class space    used 5966K, committed 6208K, reserved 1048576K
}
Event: 164.162 GC heap before
{Heap before GC invocations=19 (full 0):
 garbage-first heap   total 58368K, used 46560K [0x0000000081c00000, 0x0000000100000000)
  region size 1024K, 26 young (26624K), 2 survivors (2048K)
 Metaspace       used 49234K, committed 49792K, reserved 1097728K
  class space    used 6035K, committed 6272K, reserved 1048576K
}
Event: 164.171 GC heap after
{Heap after GC invocations=20 (full 0):
 garbage-first heap   total 58368K, used 23435K [0x0000000081c00000, 0x0000000100000000)
  region size 1024K, 4 young (4096K), 4 survivors (4096K)
 Metaspace       used 49234K, committed 49792K, reserved 1097728K
  class space    used 6035K, committed 6272K, reserved 1048576K
}
Event: 9634.386 GC heap before
{Heap before GC invocations=20 (full 0):
 garbage-first heap   total 58368K, used 43915K [0x0000000081c00000, 0x0000000100000000)
  region size 1024K, 24 young (24576K), 4 survivors (4096K)
 Metaspace       used 49332K, committed 49856K, reserved 1097728K
  class space    used 6035K, committed 6272K, reserved 1048576K
}
Event: 9634.434 GC heap after
{Heap after GC invocations=21 (full 0):
 garbage-first heap   total 58368K, used 19928K [0x0000000081c00000, 0x0000000100000000)
  region size 1024K, 1 young (1024K), 1 survivors (1024K)
 Metaspace       used 49332K, committed 49856K, reserved 1097728K
  class space    used 6035K, committed 6272K, reserved 1048576K
}

